<?xml version="1.0" encoding="UTF-8" standalone="no"?>
<beans xmlns="http://www.springframework.org/schema/beans"
    xmlns:aop="http://www.springframework.org/schema/aop" xmlns:context="http://www.springframework.org/schema/context"
    xmlns:jee="http://www.springframework.org/schema/jee" xmlns:tx="http://www.springframework.org/schema/tx"
    xmlns:xsi="http://www.w3.org/2001/XMLSchema-instance" xmlns:util="http://www.springframework.org/schema/util"
    xsi:schemaLocation="http://www.springframework.org/schema/aop http://www.springframework.org/schema/aop/spring-aop-3.1.xsd
        http://www.springframework.org/schema/beans http://www.springframework.org/schema/beans/spring-beans-3.1.xsd
        http://www.springframework.org/schema/context http://www.springframework.org/schema/context/spring-context-3.1.xsd
        http://www.springframework.org/schema/jee http://www.springframework.org/schema/jee/spring-jee-3.1.xsd
        http://www.springframework.org/schema/tx http://www.springframework.org/schema/tx/spring-tx-3.1.xsd
        http://www.springframework.org/schema/util http://www.springframework.org/schema/util/spring-util-3.0.xsd">

    <bean id="dataSource-sqlserver" class="org.apache.commons.dbcp2.BasicDataSource">
        <property name="driverClassName" value="${db.sqlserver.driverClassName}" />
        <property name="url" value="${db.sqlserver.url}" />
        <property name="username" value="${db.sqlserver.username}" />
        <property name="password" value="${db.sqlserver.password}" />
        <property name="validationQuery" value="select 1" />
    </bean>

    <bean id="sqlSessionFactory-sqlserver" class="org.mybatis.spring.SqlSessionFactoryBean"
        name="sqlSessionFactory-sqlserver">
        <property name="dataSource" ref="dataSource-sqlserver" />
        <property name="mapperLocations">
            <list>
                <value>classpath*:mapper-sqlserver/*.xml</value>
            </list>
        </property>
    </bean>

    <bean id="mapperScanner-sqlserver" class="org.mybatis.spring.mapper.MapperScannerConfigurer">
        <property name="basePackage" value="com.sweetmeadow.api.sqlserver.dao" />
        <property name="sqlSessionFactoryBeanName" value="sqlSessionFactory-sqlserver" />
        <property name="annotationClass"
            value="org.springframework.stereotype.Repository" />
    </bean>
</beans>
